[debug] [2024-10-11T20:34:52.372Z] ----------------------------------------------------------------------
[debug] [2024-10-11T20:34:52.377Z] Command:       /opt/homebrew/Cellar/node/22.9.0_1/bin/node /opt/homebrew/bin/firebase deploy
[debug] [2024-10-11T20:34:52.378Z] CLI Version:   13.22.0
[debug] [2024-10-11T20:34:52.378Z] Platform:      darwin
[debug] [2024-10-11T20:34:52.378Z] Node Version:  v22.9.0
[debug] [2024-10-11T20:34:52.378Z] Time:          Sat Oct 12 2024 02:34:52 GMT+0600 (Bangladesh Standard Time)
[debug] [2024-10-11T20:34:52.379Z] ----------------------------------------------------------------------
[debug] 
[debug] [2024-10-11T20:34:52.436Z] > command requires scopes: ["email","openid","https://www.googleapis.com/auth/cloudplatformprojects.readonly","https://www.googleapis.com/auth/firebase","https://www.googleapis.com/auth/cloud-platform"]
[debug] [2024-10-11T20:34:52.437Z] > authorizing via signed-in user (masrur.mmrs@gmail.com)
[debug] [2024-10-11T20:34:52.437Z] [iam] checking project aqib-portfolio-c8593 for permissions ["cloudfunctions.functions.create","cloudfunctions.functions.delete","cloudfunctions.functions.get","cloudfunctions.functions.list","cloudfunctions.functions.update","cloudfunctions.operations.get","datastore.indexes.create","datastore.indexes.delete","datastore.indexes.list","datastore.indexes.update","firebase.projects.get","firebaserules.releases.create","firebaserules.releases.update","firebaserules.rulesets.create"]
[debug] [2024-10-11T20:34:52.438Z] Checked if tokens are valid: false, expires at: 1728676395602
[debug] [2024-10-11T20:34:52.438Z] Checked if tokens are valid: false, expires at: 1728676395602
[debug] [2024-10-11T20:34:52.438Z] > refreshing access token with scopes: []
[debug] [2024-10-11T20:34:52.439Z] >>> [apiv2][query] POST https://www.googleapis.com/oauth2/v3/token [none]
[debug] [2024-10-11T20:34:52.439Z] >>> [apiv2][body] POST https://www.googleapis.com/oauth2/v3/token [omitted]
[debug] [2024-10-11T20:34:52.874Z] <<< [apiv2][status] POST https://www.googleapis.com/oauth2/v3/token 200
[debug] [2024-10-11T20:34:52.874Z] <<< [apiv2][body] POST https://www.googleapis.com/oauth2/v3/token [omitted]
[debug] [2024-10-11T20:34:52.889Z] >>> [apiv2][query] POST https://cloudresourcemanager.googleapis.com/v1/projects/aqib-portfolio-c8593:testIamPermissions [none]
[debug] [2024-10-11T20:34:52.889Z] >>> [apiv2][(partial)header] POST https://cloudresourcemanager.googleapis.com/v1/projects/aqib-portfolio-c8593:testIamPermissions x-goog-quota-user=projects/aqib-portfolio-c8593
[debug] [2024-10-11T20:34:52.889Z] >>> [apiv2][body] POST https://cloudresourcemanager.googleapis.com/v1/projects/aqib-portfolio-c8593:testIamPermissions {"permissions":["cloudfunctions.functions.create","cloudfunctions.functions.delete","cloudfunctions.functions.get","cloudfunctions.functions.list","cloudfunctions.functions.update","cloudfunctions.operations.get","datastore.indexes.create","datastore.indexes.delete","datastore.indexes.list","datastore.indexes.update","firebase.projects.get","firebaserules.releases.create","firebaserules.releases.update","firebaserules.rulesets.create"]}
[debug] [2024-10-11T20:34:55.005Z] <<< [apiv2][status] POST https://cloudresourcemanager.googleapis.com/v1/projects/aqib-portfolio-c8593:testIamPermissions 200
[debug] [2024-10-11T20:34:55.005Z] <<< [apiv2][body] POST https://cloudresourcemanager.googleapis.com/v1/projects/aqib-portfolio-c8593:testIamPermissions {"permissions":["cloudfunctions.functions.create","cloudfunctions.functions.delete","cloudfunctions.functions.get","cloudfunctions.functions.list","cloudfunctions.functions.update","cloudfunctions.operations.get","datastore.indexes.create","datastore.indexes.delete","datastore.indexes.list","datastore.indexes.update","firebase.projects.get","firebaserules.releases.create","firebaserules.releases.update","firebaserules.rulesets.create"]}
[debug] [2024-10-11T20:34:55.005Z] Checked if tokens are valid: true, expires at: 1728682491874
[debug] [2024-10-11T20:34:55.006Z] Checked if tokens are valid: true, expires at: 1728682491874
[debug] [2024-10-11T20:34:55.006Z] >>> [apiv2][query] POST https://iam.googleapis.com/v1/projects/aqib-portfolio-c8593/serviceAccounts/aqib-portfolio-c8593@appspot.gserviceaccount.com:testIamPermissions [none]
[debug] [2024-10-11T20:34:55.006Z] >>> [apiv2][body] POST https://iam.googleapis.com/v1/projects/aqib-portfolio-c8593/serviceAccounts/aqib-portfolio-c8593@appspot.gserviceaccount.com:testIamPermissions {"permissions":["iam.serviceAccounts.actAs"]}
[debug] [2024-10-11T20:34:56.795Z] <<< [apiv2][status] POST https://iam.googleapis.com/v1/projects/aqib-portfolio-c8593/serviceAccounts/aqib-portfolio-c8593@appspot.gserviceaccount.com:testIamPermissions 200
[debug] [2024-10-11T20:34:56.795Z] <<< [apiv2][body] POST https://iam.googleapis.com/v1/projects/aqib-portfolio-c8593/serviceAccounts/aqib-portfolio-c8593@appspot.gserviceaccount.com:testIamPermissions {"permissions":["iam.serviceAccounts.actAs"]}
[info] 
[info] === Deploying to 'aqib-portfolio-c8593'...
[info] 
[info] i  deploying storage, firestore, functions 
[info] Running command: npm --prefix "$RESOURCE_DIR" run lint
